TN:
SF:bin/__dirname.mjs
FN:12,getDirname
FNF:1
FNH:1
FNDA:2,getDirname
DA:1,2
DA:2,2
DA:3,2
DA:4,2
DA:5,2
DA:6,2
DA:7,2
DA:8,2
DA:9,2
DA:10,2
DA:11,2
DA:12,2
DA:13,2
DA:14,2
LF:14
LH:14
BRDA:1,0,0,2
BRDA:12,1,0,2
BRF:2
BRH:2
end_of_record
TN:
SF:bin/load-hbs-file.mjs
FN:9,loadHbsFileTemplate
FNF:1
FNH:1
FNDA:1,loadHbsFileTemplate
DA:1,1
DA:2,1
DA:3,1
DA:4,1
DA:5,1
DA:6,1
DA:7,1
DA:8,1
DA:9,1
DA:10,1
DA:11,1
DA:12,1
DA:13,1
DA:14,1
DA:15,1
DA:16,0
DA:17,0
DA:18,0
DA:19,1
LF:19
LH:16
BRDA:1,0,0,1
BRDA:9,1,0,1
BRDA:15,2,0,0
BRF:3
BRH:2
end_of_record
TN:
SF:bin/logger.mjs
FNF:0
FNH:0
DA:1,1
DA:2,1
DA:3,1
DA:4,1
DA:5,1
DA:6,1
DA:7,1
DA:8,1
DA:9,1
DA:10,1
DA:11,1
DA:12,1
DA:13,1
LF:13
LH:13
BRDA:1,0,0,1
BRF:1
BRH:1
end_of_record
