TN:
SF:bin/__dirname.mjs
FN:13,getDirname
FNF:1
FNH:1
FNDA:1,getDirname
DA:1,1
DA:2,1
DA:3,1
DA:4,1
DA:5,1
DA:6,1
DA:7,1
DA:8,1
DA:9,1
DA:10,1
DA:11,1
DA:12,1
DA:13,1
DA:14,1
DA:15,1
LF:15
LH:15
BRDA:2,0,0,1
BRDA:13,1,0,1
BRF:2
BRH:2
end_of_record
TN:
SF:bin/handlebars.mjs
FN:1,checkStringForLeftoverKeys
FN:10,LeftoverHandlebarsException
FNF:2
FNH:1
FNDA:2,checkStringForLeftoverKeys
FNDA:0,LeftoverHandlebarsException
DA:1,1
DA:2,2
DA:3,2
DA:4,1
DA:5,1
DA:6,1
DA:7,2
DA:8,1
DA:9,1
DA:10,1
DA:11,0
DA:12,0
DA:13,1
LF:13
LH:11
BRDA:1,0,0,1
BRDA:1,1,0,2
BRDA:3,2,0,1
BRF:3
BRH:3
end_of_record
